<?xml version="1.0" encoding="UTF-8"?>
<!-- Generated by org.testng.reporters.JUnitReportReporter -->
<testsuite hostname="LAPTOP-HEAE025M" failures="0" tests="1" name="tests.testLoginWithPageFactory" time="11.379" errors="0" timestamp="2023-04-20T11:59:20 IST" skipped="0">
  <testcase classname="tests.testLoginWithPageFactory" name="test_Home_Page_Appear_Correct" time="11.379"/>
  <system-out/>
</testsuite> <!-- tests.testLoginWithPageFactory -->
