<?xml version="1.0" encoding="UTF-8"?>
<!-- Generated by org.testng.reporters.JUnitReportReporter -->
<testsuite hostname="LAPTOP-HEAE025M" failures="0" tests="1" name="tests.TestLogin" time="1.372" errors="0" timestamp="2023-04-11T13:59:09 IST" skipped="0">
  <testcase classname="tests.TestLogin" name="test_Home_Page_Appear_Correct" time="1.372"/>
  <system-out/>
</testsuite> <!-- tests.TestLogin -->
