<?xml version="1.0" encoding="UTF-8"?>
<!-- Generated by org.testng.reporters.JUnitReportReporter -->
<testsuite hostname="LAPTOP-HEAE025M" failures="0" tests="1" name="tests.NoPOMTest" time="5.442" errors="0" timestamp="2023-04-11T13:58:40 IST" skipped="0">
  <testcase classname="tests.NoPOMTest" name="test_Home_Page_Appear_Correct" time="5.442"/>
  <system-out/>
</testsuite> <!-- tests.NoPOMTest -->
