<?xml version="1.0" encoding="UTF-8"?>
<!-- Generated by org.testng.reporters.JUnitReportReporter -->
<testsuite hostname="LAPTOP-HEAE025M" failures="0" tests="1" name="tests2.testLoginWithPageFactory" time="11.816" errors="0" timestamp="2023-04-20T12:25:51 IST" skipped="0">
  <testcase classname="tests2.testLoginWithPageFactory" name="test_Home_Page_Appear_Correct" time="11.816"/>
  <system-out/>
</testsuite> <!-- tests2.testLoginWithPageFactory -->
